  [1m[35m (536.5ms)[0m  [1m[35mCREATE DATABASE "THP_Testing_Rails_development" ENCODING = 'unicode'[0m
  ↳ bin/rails:9
  [1m[35m (396.2ms)[0m  [1m[35mCREATE DATABASE "THP_Testing_Rails_test" ENCODING = 'unicode'[0m
  ↳ bin/rails:9
  [1m[35m (5.0ms)[0m  [1m[35mCREATE TABLE "schema_migrations" ("version" character varying NOT NULL PRIMARY KEY)[0m
  ↳ bin/rails:9
  [1m[35m (6.4ms)[0m  [1m[35mCREATE TABLE "ar_internal_metadata" ("key" character varying NOT NULL PRIMARY KEY, "value" character varying, "created_at" timestamp NOT NULL, "updated_at" timestamp NOT NULL)[0m
  ↳ bin/rails:9
  [1m[35m (0.2ms)[0m  [1m[34mSELECT pg_try_advisory_lock(8037891343927325790)[0m
  ↳ bin/rails:9
  [1m[35m (0.4ms)[0m  [1m[34mSELECT "schema_migrations"."version" FROM "schema_migrations" ORDER BY "schema_migrations"."version" ASC[0m
  ↳ bin/rails:9
Migrating to CreateUsers (20180806083003)
  [1m[35m (0.2ms)[0m  [1m[35mBEGIN[0m
  ↳ bin/rails:9
  [1m[35m (8.8ms)[0m  [1m[35mCREATE TABLE "users" ("id" bigserial primary key, "email" character varying, "first_name" character varying, "last_name" character varying)[0m
  ↳ db/migrate/20180806083003_create_users.rb:3
  [1m[36mActiveRecord::SchemaMigration Create (0.4ms)[0m  [1m[32mINSERT INTO "schema_migrations" ("version") VALUES ($1) RETURNING "version"[0m  [["version", "20180806083003"]]
  ↳ bin/rails:9
  [1m[35m (0.4ms)[0m  [1m[35mCOMMIT[0m
  ↳ bin/rails:9
Migrating to AddPasswordDigestColumnToUser (20180806104230)
  [1m[35m (0.2ms)[0m  [1m[35mBEGIN[0m
  ↳ bin/rails:9
  [1m[35m (6.8ms)[0m  [1m[35mALTER TABLE "users" ADD "password_digest" character varying[0m
  ↳ db/migrate/20180806104230_add_password_digest_column_to_user.rb:3
  [1m[36mActiveRecord::SchemaMigration Create (0.2ms)[0m  [1m[32mINSERT INTO "schema_migrations" ("version") VALUES ($1) RETURNING "version"[0m  [["version", "20180806104230"]]
  ↳ bin/rails:9
  [1m[35m (0.4ms)[0m  [1m[35mCOMMIT[0m
  ↳ bin/rails:9
  [1m[36mActiveRecord::InternalMetadata Load (0.8ms)[0m  [1m[34mSELECT  "ar_internal_metadata".* FROM "ar_internal_metadata" WHERE "ar_internal_metadata"."key" = $1 LIMIT $2[0m  [["key", "environment"], ["LIMIT", 1]]
  ↳ bin/rails:9
  [1m[35m (0.2ms)[0m  [1m[35mBEGIN[0m
  ↳ bin/rails:9
  [1m[36mActiveRecord::InternalMetadata Create (0.5ms)[0m  [1m[32mINSERT INTO "ar_internal_metadata" ("key", "value", "created_at", "updated_at") VALUES ($1, $2, $3, $4) RETURNING "key"[0m  [["key", "environment"], ["value", "development"], ["created_at", "2018-11-05 19:54:33.976413"], ["updated_at", "2018-11-05 19:54:33.976413"]]
  ↳ bin/rails:9
  [1m[35m (0.4ms)[0m  [1m[35mCOMMIT[0m
  ↳ bin/rails:9
  [1m[35m (0.3ms)[0m  [1m[34mSELECT pg_advisory_unlock(8037891343927325790)[0m
  ↳ bin/rails:9
  [1m[35m (0.3ms)[0m  [1m[34mSELECT "schema_migrations"."version" FROM "schema_migrations" ORDER BY "schema_migrations"."version" ASC[0m
  ↳ bin/rails:9
Started GET "/" for 127.0.0.1 at 2018-11-05 20:54:48 +0100
  [1m[35m (1.0ms)[0m  [1m[34mSELECT "schema_migrations"."version" FROM "schema_migrations" ORDER BY "schema_migrations"."version" ASC[0m
  ↳ /Users/juandavidcasascano/.rvm/gems/ruby-2.5.1/gems/activerecord-5.2.0/lib/active_record/log_subscriber.rb:98
Processing by StaticPagesController#home as HTML
  Rendering static_pages/home.html.erb within layouts/application
  Rendered static_pages/home.html.erb within layouts/application (2.7ms)
Completed 200 OK in 410ms (Views: 398.2ms | ActiveRecord: 0.0ms)


Started GET "/users/new" for 127.0.0.1 at 2018-11-05 20:54:55 +0100
Processing by UsersController#new as HTML
  Rendering users/new.html.erb within layouts/application
  Rendered shared/_error.html.erb (1.6ms)
  Rendered users/new.html.erb within layouts/application (33.3ms)
Completed 200 OK in 115ms (Views: 63.2ms | ActiveRecord: 31.8ms)


Started POST "/users" for 127.0.0.1 at 2018-11-05 20:55:20 +0100
Processing by UsersController#create as HTML
  Parameters: {"utf8"=>"✓", "authenticity_token"=>"rSYp238G0QmvuCcFrp7JtiSTfdj+AKsraAsyDQWS0uH+moaEZf2aC7zlbTM6iBec4OBP2lkHBPcTi/WTREViAg==", "user"=>{"first_name"=>"pepito", "last_name"=>"banana", "email"=>"abcde@gmail.com", "password"=>"[FILTERED]", "password_confirmation"=>"[FILTERED]"}, "commit"=>"Créer mon compte"}
  [1m[35m (0.2ms)[0m  [1m[35mBEGIN[0m
  ↳ app/controllers/users_controller.rb:13
  [1m[36mUser Exists (2.0ms)[0m  [1m[34mSELECT  1 AS one FROM "users" WHERE LOWER("users"."email") = LOWER($1) LIMIT $2[0m  [["email", "abcde@gmail.com"], ["LIMIT", 1]]
  ↳ app/controllers/users_controller.rb:13
  [1m[36mUser Create (1.0ms)[0m  [1m[32mINSERT INTO "users" ("email", "first_name", "last_name", "password_digest") VALUES ($1, $2, $3, $4) RETURNING "id"[0m  [["email", "abcde@gmail.com"], ["first_name", "pepito"], ["last_name", "banana"], ["password_digest", "$2a$10$f9y81FUO0SkcIBGUf7MaXuMjTJDZkxiHmK4z703Z/a4J7P00xvIGC"]]
  ↳ app/controllers/users_controller.rb:13
  [1m[35m (2.4ms)[0m  [1m[35mCOMMIT[0m
  ↳ app/controllers/users_controller.rb:13
Redirected to http://localhost:3000/users/1
Completed 302 Found in 76ms (ActiveRecord: 9.0ms)


Started GET "/users/1" for 127.0.0.1 at 2018-11-05 20:55:20 +0100
Processing by UsersController#show as HTML
  Parameters: {"id"=>"1"}
  [1m[36mUser Load (0.6ms)[0m  [1m[34mSELECT  "users".* FROM "users" WHERE "users"."id" = $1 LIMIT $2[0m  [["id", 1], ["LIMIT", 1]]
  ↳ app/controllers/users_controller.rb:3
  Rendering users/show.html.erb within layouts/application
  Rendered users/show.html.erb within layouts/application (1.2ms)
  [1m[36mUser Load (0.3ms)[0m  [1m[34mSELECT  "users".* FROM "users" WHERE "users"."id" = $1 LIMIT $2[0m  [["id", 1], ["LIMIT", 1]]
  ↳ app/helpers/sessions_helper.rb:9
Completed 200 OK in 43ms (Views: 29.3ms | ActiveRecord: 1.1ms)


Started GET "/club" for 127.0.0.1 at 2018-11-05 20:55:25 +0100
Processing by StaticPagesController#club as HTML
  [1m[36mUser Load (0.3ms)[0m  [1m[34mSELECT  "users".* FROM "users" WHERE "users"."id" = $1 LIMIT $2[0m  [["id", 1], ["LIMIT", 1]]
  ↳ app/helpers/sessions_helper.rb:9
  Rendering static_pages/club.html.erb within layouts/application
  [1m[36mUser Load (0.4ms)[0m  [1m[34mSELECT "users".* FROM "users"[0m
  ↳ app/views/static_pages/club.html.erb:6
  Rendered static_pages/club.html.erb within layouts/application (2.0ms)
Completed 200 OK in 51ms (Views: 43.9ms | ActiveRecord: 0.6ms)


Started GET "/users/1" for 127.0.0.1 at 2018-11-05 20:55:27 +0100
Processing by UsersController#show as HTML
  Parameters: {"id"=>"1"}
  [1m[36mUser Load (1.2ms)[0m  [1m[34mSELECT  "users".* FROM "users" WHERE "users"."id" = $1 LIMIT $2[0m  [["id", 1], ["LIMIT", 1]]
  ↳ app/controllers/users_controller.rb:3
  Rendering users/show.html.erb within layouts/application
  Rendered users/show.html.erb within layouts/application (1.2ms)
  [1m[36mUser Load (0.3ms)[0m  [1m[34mSELECT  "users".* FROM "users" WHERE "users"."id" = $1 LIMIT $2[0m  [["id", 1], ["LIMIT", 1]]
  ↳ app/helpers/sessions_helper.rb:9
Completed 200 OK in 53ms (Views: 46.0ms | ActiveRecord: 1.6ms)


Started GET "/users/1" for 127.0.0.1 at 2018-11-05 20:55:29 +0100
Processing by UsersController#show as HTML
  Parameters: {"id"=>"1"}
  [1m[36mUser Load (1.0ms)[0m  [1m[34mSELECT  "users".* FROM "users" WHERE "users"."id" = $1 LIMIT $2[0m  [["id", 1], ["LIMIT", 1]]
  ↳ app/controllers/users_controller.rb:3
  Rendering users/show.html.erb within layouts/application
  Rendered users/show.html.erb within layouts/application (1.3ms)
  [1m[36mUser Load (0.2ms)[0m  [1m[34mSELECT  "users".* FROM "users" WHERE "users"."id" = $1 LIMIT $2[0m  [["id", 1], ["LIMIT", 1]]
  ↳ app/helpers/sessions_helper.rb:9
Completed 200 OK in 60ms (Views: 54.2ms | ActiveRecord: 1.2ms)


Started GET "/club" for 127.0.0.1 at 2018-11-05 20:55:30 +0100
Processing by StaticPagesController#club as HTML
  [1m[36mUser Load (0.2ms)[0m  [1m[34mSELECT  "users".* FROM "users" WHERE "users"."id" = $1 LIMIT $2[0m  [["id", 1], ["LIMIT", 1]]
  ↳ app/helpers/sessions_helper.rb:9
  Rendering static_pages/club.html.erb within layouts/application
  [1m[36mUser Load (6.6ms)[0m  [1m[34mSELECT "users".* FROM "users"[0m
  ↳ app/views/static_pages/club.html.erb:6
  Rendered static_pages/club.html.erb within layouts/application (8.4ms)
Completed 200 OK in 61ms (Views: 48.6ms | ActiveRecord: 6.8ms)


Started GET "/" for 127.0.0.1 at 2018-11-05 20:55:32 +0100
Processing by StaticPagesController#home as HTML
  Rendering static_pages/home.html.erb within layouts/application
  [1m[36mUser Load (1.0ms)[0m  [1m[34mSELECT  "users".* FROM "users" WHERE "users"."id" = $1 LIMIT $2[0m  [["id", 1], ["LIMIT", 1]]
  ↳ app/helpers/sessions_helper.rb:9
  Rendered static_pages/home.html.erb within layouts/application (2.3ms)
Completed 200 OK in 53ms (Views: 44.7ms | ActiveRecord: 1.0ms)


Started GET "/club" for 127.0.0.1 at 2018-11-05 20:55:33 +0100
Processing by StaticPagesController#club as HTML
  [1m[36mUser Load (0.2ms)[0m  [1m[34mSELECT  "users".* FROM "users" WHERE "users"."id" = $1 LIMIT $2[0m  [["id", 1], ["LIMIT", 1]]
  ↳ app/helpers/sessions_helper.rb:9
  Rendering static_pages/club.html.erb within layouts/application
  [1m[36mUser Load (1.4ms)[0m  [1m[34mSELECT "users".* FROM "users"[0m
  ↳ app/views/static_pages/club.html.erb:6
  Rendered static_pages/club.html.erb within layouts/application (3.3ms)
Completed 200 OK in 56ms (Views: 49.6ms | ActiveRecord: 1.6ms)


Started GET "/club" for 127.0.0.1 at 2018-11-05 20:55:35 +0100
Processing by StaticPagesController#club as HTML
  [1m[36mUser Load (0.3ms)[0m  [1m[34mSELECT  "users".* FROM "users" WHERE "users"."id" = $1 LIMIT $2[0m  [["id", 1], ["LIMIT", 1]]
  ↳ app/helpers/sessions_helper.rb:9
  Rendering static_pages/club.html.erb within layouts/application
  [1m[36mUser Load (4.3ms)[0m  [1m[34mSELECT "users".* FROM "users"[0m
  ↳ app/views/static_pages/club.html.erb:6
  Rendered static_pages/club.html.erb within layouts/application (5.9ms)
Completed 200 OK in 49ms (Views: 39.2ms | ActiveRecord: 4.6ms)


Started GET "/users/1" for 127.0.0.1 at 2018-11-05 20:55:36 +0100
Processing by UsersController#show as HTML
  Parameters: {"id"=>"1"}
  [1m[36mUser Load (0.4ms)[0m  [1m[34mSELECT  "users".* FROM "users" WHERE "users"."id" = $1 LIMIT $2[0m  [["id", 1], ["LIMIT", 1]]
  ↳ app/controllers/users_controller.rb:3
  Rendering users/show.html.erb within layouts/application
  Rendered users/show.html.erb within layouts/application (1.0ms)
  [1m[36mUser Load (0.2ms)[0m  [1m[34mSELECT  "users".* FROM "users" WHERE "users"."id" = $1 LIMIT $2[0m  [["id", 1], ["LIMIT", 1]]
  ↳ app/helpers/sessions_helper.rb:9
Completed 200 OK in 46ms (Views: 38.6ms | ActiveRecord: 0.6ms)


Started DELETE "/logout" for 127.0.0.1 at 2018-11-05 20:55:37 +0100
Processing by SessionsController#destroy as HTML
  Parameters: {"authenticity_token"=>"/7Wwd7jtFtAPP5b8QM1HQwIDy2Vg1cOben9P6SD3cS6cdkDDpCGBOq/eAN9WWv2oPteZ2UO4L10BhtDaYhKxRw=="}
Redirected to http://localhost:3000/
Completed 302 Found in 1ms (ActiveRecord: 0.0ms)


Started GET "/" for 127.0.0.1 at 2018-11-05 20:55:37 +0100
Processing by StaticPagesController#home as HTML
  Rendering static_pages/home.html.erb within layouts/application
  Rendered static_pages/home.html.erb within layouts/application (0.4ms)
Completed 200 OK in 28ms (Views: 25.1ms | ActiveRecord: 0.0ms)


Started GET "/" for 127.0.0.1 at 2018-11-05 20:55:43 +0100
Processing by StaticPagesController#home as HTML
  Rendering static_pages/home.html.erb within layouts/application
  Rendered static_pages/home.html.erb within layouts/application (0.9ms)
Completed 200 OK in 39ms (Views: 35.0ms | ActiveRecord: 0.0ms)


Started GET "/login" for 127.0.0.1 at 2018-11-05 20:55:44 +0100
Processing by SessionsController#new as HTML
  Rendering sessions/new.html.erb within layouts/application
  Rendered sessions/new.html.erb within layouts/application (1.8ms)
Completed 200 OK in 42ms (Views: 36.2ms | ActiveRecord: 0.0ms)


Started POST "/login" for 127.0.0.1 at 2018-11-05 20:56:22 +0100
Processing by SessionsController#create as HTML
  Parameters: {"utf8"=>"✓", "authenticity_token"=>"gfypmMrU88UXRtwbcMta8oy2x+gr8/KbbKeVNICjG8ULFO0WEV/rRHvHzh9CUW0mCv72MXE6/5li90KpOANmYg==", "session"=>{"email"=>"abcde@gmail.com", "password"=>"[FILTERED]"}, "commit"=>"Log in"}
  [1m[36mUser Load (0.2ms)[0m  [1m[34mSELECT  "users".* FROM "users" WHERE "users"."email" = $1 LIMIT $2[0m  [["email", "abcde@gmail.com"], ["LIMIT", 1]]
  ↳ app/controllers/sessions_controller.rb:8
Redirected to http://localhost:3000/club
Completed 302 Found in 64ms (ActiveRecord: 0.2ms)


Started GET "/club" for 127.0.0.1 at 2018-11-05 20:56:22 +0100
Processing by StaticPagesController#club as HTML
  [1m[36mUser Load (0.2ms)[0m  [1m[34mSELECT  "users".* FROM "users" WHERE "users"."id" = $1 LIMIT $2[0m  [["id", 1], ["LIMIT", 1]]
  ↳ app/helpers/sessions_helper.rb:9
  Rendering static_pages/club.html.erb within layouts/application
  [1m[36mUser Load (0.3ms)[0m  [1m[34mSELECT "users".* FROM "users"[0m
  ↳ app/views/static_pages/club.html.erb:6
  Rendered static_pages/club.html.erb within layouts/application (1.4ms)
Completed 200 OK in 29ms (Views: 24.9ms | ActiveRecord: 0.4ms)


Started GET "/club" for 127.0.0.1 at 2018-11-05 20:56:24 +0100
Processing by StaticPagesController#club as HTML
  [1m[36mUser Load (0.3ms)[0m  [1m[34mSELECT  "users".* FROM "users" WHERE "users"."id" = $1 LIMIT $2[0m  [["id", 1], ["LIMIT", 1]]
  ↳ app/helpers/sessions_helper.rb:9
  Rendering static_pages/club.html.erb within layouts/application
  [1m[36mUser Load (3.4ms)[0m  [1m[34mSELECT "users".* FROM "users"[0m
  ↳ app/views/static_pages/club.html.erb:6
  Rendered static_pages/club.html.erb within layouts/application (5.0ms)
Completed 200 OK in 38ms (Views: 30.7ms | ActiveRecord: 3.7ms)


Started GET "/users/1" for 127.0.0.1 at 2018-11-05 20:56:25 +0100
Processing by UsersController#show as HTML
  Parameters: {"id"=>"1"}
  [1m[36mUser Load (2.6ms)[0m  [1m[34mSELECT  "users".* FROM "users" WHERE "users"."id" = $1 LIMIT $2[0m  [["id", 1], ["LIMIT", 1]]
  ↳ app/controllers/users_controller.rb:3
  Rendering users/show.html.erb within layouts/application
  Rendered users/show.html.erb within layouts/application (2.6ms)
  [1m[36mUser Load (1.6ms)[0m  [1m[34mSELECT  "users".* FROM "users" WHERE "users"."id" = $1 LIMIT $2[0m  [["id", 1], ["LIMIT", 1]]
  ↳ app/helpers/sessions_helper.rb:9
Completed 200 OK in 66ms (Views: 55.4ms | ActiveRecord: 4.2ms)


Started GET "/users/1" for 127.0.0.1 at 2018-11-05 21:08:02 +0100
Processing by UsersController#show as HTML
  Parameters: {"id"=>"1"}
  [1m[36mUser Load (1.1ms)[0m  [1m[34mSELECT  "users".* FROM "users" WHERE "users"."id" = $1 LIMIT $2[0m  [["id", 1], ["LIMIT", 1]]
  ↳ app/controllers/users_controller.rb:3
  Rendering users/show.html.erb within layouts/application
  Rendered users/show.html.erb within layouts/application (3.0ms)
  [1m[36mUser Load (0.3ms)[0m  [1m[34mSELECT  "users".* FROM "users" WHERE "users"."id" = $1 LIMIT $2[0m  [["id", 1], ["LIMIT", 1]]
  ↳ app/helpers/sessions_helper.rb:9
Completed 200 OK in 134ms (Views: 89.7ms | ActiveRecord: 11.6ms)


Started GET "/" for 127.0.0.1 at 2018-11-05 21:08:05 +0100
Processing by StaticPagesController#home as HTML
  Rendering static_pages/home.html.erb within layouts/application
  [1m[36mUser Load (1.4ms)[0m  [1m[34mSELECT  "users".* FROM "users" WHERE "users"."id" = $1 LIMIT $2[0m  [["id", 1], ["LIMIT", 1]]
  ↳ app/helpers/sessions_helper.rb:9
  Rendered static_pages/home.html.erb within layouts/application (4.8ms)
Completed 200 OK in 75ms (Views: 69.0ms | ActiveRecord: 1.4ms)


Started GET "/club" for 127.0.0.1 at 2018-11-05 21:08:07 +0100
Processing by StaticPagesController#club as HTML
  [1m[36mUser Load (0.3ms)[0m  [1m[34mSELECT  "users".* FROM "users" WHERE "users"."id" = $1 LIMIT $2[0m  [["id", 1], ["LIMIT", 1]]
  ↳ app/helpers/sessions_helper.rb:9
  Rendering static_pages/club.html.erb within layouts/application
  [1m[36mUser Load (9.3ms)[0m  [1m[34mSELECT "users".* FROM "users"[0m
  ↳ app/views/static_pages/club.html.erb:6
  Rendered static_pages/club.html.erb within layouts/application (13.3ms)
Completed 200 OK in 74ms (Views: 59.3ms | ActiveRecord: 9.6ms)


Started GET "/users/1" for 127.0.0.1 at 2018-11-05 21:08:10 +0100
Processing by UsersController#show as HTML
  Parameters: {"id"=>"1"}
  [1m[36mUser Load (6.0ms)[0m  [1m[34mSELECT  "users".* FROM "users" WHERE "users"."id" = $1 LIMIT $2[0m  [["id", 1], ["LIMIT", 1]]
  ↳ app/controllers/users_controller.rb:3
  Rendering users/show.html.erb within layouts/application
  Rendered users/show.html.erb within layouts/application (1.3ms)
  [1m[36mUser Load (0.9ms)[0m  [1m[34mSELECT  "users".* FROM "users" WHERE "users"."id" = $1 LIMIT $2[0m  [["id", 1], ["LIMIT", 1]]
  ↳ app/helpers/sessions_helper.rb:9
Completed 200 OK in 74ms (Views: 59.8ms | ActiveRecord: 6.9ms)


